2009-11-16 10:53:49.705089:
Executed:	edg-gridftp-mkdir  gsiftp://crabas.lnl.infn.it/data/CSstoragePath/xjanssen_gridTTele32X_o418dh
Done with exit code:	0
and output:


2009-11-16 10:53:49.769442:
Executed:	 lcg-cp  -t 600  --vo cms file:///home/xjanssen/cms/HWW/grid/gridTTele32X/share/default.tgz gsiftp://crabas.lnl.infn.it/data/CSstoragePath/xjanssen_gridTTele32X_o418dh/default.tgz
Done with exit code:	32512
and output:
lcg-cp: error while loading shared libraries: libldap-2.2.so.7: cannot open shared object file: No such file or directory

2009-11-16 10:56:42.622737:
Executed:	edg-gridftp-mkdir  gsiftp://crabas.lnl.infn.it/data/CSstoragePath/xjanssen_gridTTele32X_o418dh
Done with exit code:	0
and output:


2009-11-16 10:56:42.674142:
Executed:	 lcg-cp  -t 600  --vo cms file:///home/xjanssen/cms/HWW/grid/gridTTele32X/share/default.tgz gsiftp://crabas.lnl.infn.it/data/CSstoragePath/xjanssen_gridTTele32X_o418dh/default.tgz
Done with exit code:	32512
and output:
lcg-cp: error while loading shared libraries: libldap-2.2.so.7: cannot open shared object file: No such file or directory

2009-11-16 10:57:26.540770:
Executed:	edg-gridftp-mkdir  gsiftp://vocms58.cern.ch/data/CSstoragePath/xjanssen_gridTTele32X_jeu175
Done with exit code:	0
and output:


2009-11-16 10:57:26.605893:
Executed:	 lcg-cp  -t 600  --vo cms file:///home/xjanssen/cms/HWW/grid/gridTTele32X/share/default.tgz gsiftp://vocms58.cern.ch/data/CSstoragePath/xjanssen_gridTTele32X_jeu175/default.tgz
Done with exit code:	32512
and output:
lcg-cp: error while loading shared libraries: libldap-2.2.so.7: cannot open shared object file: No such file or directory

2009-11-16 11:02:42.373031:
Executed:	edg-gridftp-mkdir  gsiftp://crabas.lnl.infn.it/data/CSstoragePath/xjanssen_gridTTele32X_cga172
Done with exit code:	0
and output:


2009-11-16 11:02:42.418138:
Executed:	 lcg-cp  -t 600  --vo cms file:///home/xjanssen/cms/HWW/grid/gridTTele32X/share/default.tgz gsiftp://crabas.lnl.infn.it/data/CSstoragePath/xjanssen_gridTTele32X_cga172/default.tgz
Done with exit code:	32512
and output:
lcg-cp: error while loading shared libraries: libldap-2.2.so.7: cannot open shared object file: No such file or directory

2009-11-16 11:03:50.503279:
Executed:	edg-gridftp-mkdir  gsiftp://vocms58.cern.ch/data/CSstoragePath/xjanssen_gridTTele32X_t1xc57
Done with exit code:	0
and output:


2009-11-16 11:03:50.554719:
Executed:	 lcg-cp  -t 600  --vo cms file:///home/xjanssen/cms/HWW/grid/gridTTele32X/share/default.tgz gsiftp://vocms58.cern.ch/data/CSstoragePath/xjanssen_gridTTele32X_t1xc57/default.tgz
Done with exit code:	32512
and output:
lcg-cp: error while loading shared libraries: libldap-2.2.so.7: cannot open shared object file: No such file or directory

2009-11-16 11:12:51.245294:
Executed:	edg-gridftp-mkdir  gsiftp://crabas.lnl.infn.it/data/CSstoragePath/xjanssen_gridTTele32X_6a1g8d
Done with exit code:	0
and output:


2009-11-16 11:12:51.289147:
Executed:	 lcg-cp  -t 600  --vo cms file:///home/xjanssen/cms/HWW/grid/gridTTele32X/share/default.tgz gsiftp://crabas.lnl.infn.it/data/CSstoragePath/xjanssen_gridTTele32X_6a1g8d/default.tgz
Done with exit code:	32512
and output:
lcg-cp: error while loading shared libraries: libldap-2.2.so.7: cannot open shared object file: No such file or directory

2009-11-16 14:17:42.733412:
Executed:	edg-gridftp-mkdir  gsiftp://crabas.lnl.infn.it/data/CSstoragePath/xjanssen_gridTT32Xiihe_nl0s28
Done with exit code:	0
and output:


2009-11-16 14:17:44.779340:
Executed:	 lcg-cp  -t 600  --vo cms file:///user/xjanssen/gridTT32Xiihe/share/default.tgz gsiftp://crabas.lnl.infn.it/data/CSstoragePath/xjanssen_gridTT32Xiihe_nl0s28/default.tgz
Done with exit code:	0
and output:


2009-11-16 14:17:45.808716:
Executed:	 lcg-cp  -t 600  --vo cms file:///user/xjanssen/gridTT32Xiihe/share/arguments.xml gsiftp://crabas.lnl.infn.it/data/CSstoragePath/xjanssen_gridTT32Xiihe_nl0s28/arguments.xml
Done with exit code:	0
and output:


2009-11-16 14:17:46.839220:
Executed:	 lcg-cp  -t 600  --vo cms file:///user/xjanssen/gridTT32Xiihe/job/CMSSW.sh gsiftp://crabas.lnl.infn.it/data/CSstoragePath/xjanssen_gridTT32Xiihe_nl0s28/CMSSW.sh
Done with exit code:	0
and output:


2009-11-16 14:19:03.468252:
Executed:	edg-gridftp-mkdir  gsiftp://vocms58.cern.ch/data/CSstoragePath/xjanssen_gridTT32Xiihe_7j8k6z
Done with exit code:	0
and output:


2009-11-16 14:19:04.501462:
Executed:	 lcg-cp  -t 600  --vo cms file:///user/xjanssen/gridTT32Xiihe/share/default.tgz gsiftp://vocms58.cern.ch/data/CSstoragePath/xjanssen_gridTT32Xiihe_7j8k6z/default.tgz
Done with exit code:	0
and output:


2009-11-16 14:19:05.531596:
Executed:	 lcg-cp  -t 600  --vo cms file:///user/xjanssen/gridTT32Xiihe/share/arguments.xml gsiftp://vocms58.cern.ch/data/CSstoragePath/xjanssen_gridTT32Xiihe_7j8k6z/arguments.xml
Done with exit code:	0
and output:


2009-11-16 14:19:06.561499:
Executed:	 lcg-cp  -t 600  --vo cms file:///user/xjanssen/gridTT32Xiihe/job/CMSSW.sh gsiftp://vocms58.cern.ch/data/CSstoragePath/xjanssen_gridTT32Xiihe_7j8k6z/CMSSW.sh
Done with exit code:	0
and output:


2009-11-16 17:34:10.297753:
Executed:	edg-gridftp-mkdir  gsiftp://vocms58.cern.ch/data/CSstoragePath/xjanssen_gridH160WW32Xiihe_6sg09d
Done with exit code:	0
and output:


2009-11-16 17:34:11.346103:
Executed:	 lcg-cp  -t 600  --vo cms file:///user/xjanssen/gridH160WW32Xiihe/share/default.tgz gsiftp://vocms58.cern.ch/data/CSstoragePath/xjanssen_gridH160WW32Xiihe_6sg09d/default.tgz
Done with exit code:	0
and output:


2009-11-16 17:34:12.376394:
Executed:	 lcg-cp  -t 600  --vo cms file:///user/xjanssen/gridH160WW32Xiihe/share/arguments.xml gsiftp://vocms58.cern.ch/data/CSstoragePath/xjanssen_gridH160WW32Xiihe_6sg09d/arguments.xml
Done with exit code:	0
and output:


2009-11-16 17:34:13.406571:
Executed:	 lcg-cp  -t 600  --vo cms file:///user/xjanssen/gridH160WW32Xiihe/job/CMSSW.sh gsiftp://vocms58.cern.ch/data/CSstoragePath/xjanssen_gridH160WW32Xiihe_6sg09d/CMSSW.sh
Done with exit code:	0
and output:


